2023-09-04 10:05:22,823 INFO 90057 [egg-sequelize](4ms) Executed (default): SELECT 1+1 AS result
2023-09-04 10:05:22,836 INFO 90057 [egg-sequelize](15ms) Executed (default): SELECT TABLE_NAME FROM INFORMATION_SCHEMA.TABLES WHERE TABLE_TYPE = 'BASE TABLE' AND TABLE_NAME = 'la_album' AND TABLE_SCHEMA = 'localhost_likeadmin'
2023-09-04 10:05:22,851 INFO 90057 [egg-sequelize](12ms) Executed (default): SHOW INDEX FROM `la_album` FROM `localhost_likeadmin`
2023-09-04 10:05:22,869 INFO 90057 [egg-sequelize](16ms) Executed (default): SELECT TABLE_NAME FROM INFORMATION_SCHEMA.TABLES WHERE TABLE_TYPE = 'BASE TABLE' AND TABLE_NAME = 'la_album_cate' AND TABLE_SCHEMA = 'localhost_likeadmin'
2023-09-04 10:05:22,885 INFO 90057 [egg-sequelize](14ms) Executed (default): SHOW INDEX FROM `la_album_cate` FROM `localhost_likeadmin`
2023-09-04 10:05:22,915 INFO 90057 [egg-sequelize](13ms) Executed (default): SELECT TABLE_NAME FROM INFORMATION_SCHEMA.TABLES WHERE TABLE_TYPE = 'BASE TABLE' AND TABLE_NAME = 'la_article' AND TABLE_SCHEMA = 'localhost_likeadmin'
2023-09-04 10:05:22,920 INFO 90057 [egg-sequelize](4ms) Executed (default): SHOW INDEX FROM `la_article` FROM `localhost_likeadmin`
2023-09-04 10:05:22,930 INFO 90057 [egg-sequelize](6ms) Executed (default): SELECT TABLE_NAME FROM INFORMATION_SCHEMA.TABLES WHERE TABLE_TYPE = 'BASE TABLE' AND TABLE_NAME = 'la_article_category' AND TABLE_SCHEMA = 'localhost_likeadmin'
2023-09-04 10:05:22,949 INFO 90057 [egg-sequelize](12ms) Executed (default): SHOW INDEX FROM `la_article_category` FROM `localhost_likeadmin`
2023-09-04 10:05:22,959 INFO 90057 [egg-sequelize](6ms) Executed (default): SELECT TABLE_NAME FROM INFORMATION_SCHEMA.TABLES WHERE TABLE_TYPE = 'BASE TABLE' AND TABLE_NAME = 'la_article_collect' AND TABLE_SCHEMA = 'localhost_likeadmin'
2023-09-04 10:05:22,969 INFO 90057 [egg-sequelize](3ms) Executed (default): SHOW INDEX FROM `la_article_collect` FROM `localhost_likeadmin`
2023-09-04 10:05:22,983 INFO 90057 [egg-sequelize](8ms) Executed (default): SELECT TABLE_NAME FROM INFORMATION_SCHEMA.TABLES WHERE TABLE_TYPE = 'BASE TABLE' AND TABLE_NAME = 'la_decorate_page' AND TABLE_SCHEMA = 'localhost_likeadmin'
2023-09-04 10:05:22,987 INFO 90057 [egg-sequelize](2ms) Executed (default): SHOW INDEX FROM `la_decorate_page` FROM `localhost_likeadmin`
2023-09-04 10:05:23,001 INFO 90057 [egg-sequelize](8ms) Executed (default): SELECT TABLE_NAME FROM INFORMATION_SCHEMA.TABLES WHERE TABLE_TYPE = 'BASE TABLE' AND TABLE_NAME = 'la_decorate_tabbar' AND TABLE_SCHEMA = 'localhost_likeadmin'
2023-09-04 10:05:23,007 INFO 90057 [egg-sequelize](4ms) Executed (default): SHOW INDEX FROM `la_decorate_tabbar` FROM `localhost_likeadmin`
2023-09-04 10:05:23,017 INFO 90057 [egg-sequelize](9ms) Executed (default): SELECT TABLE_NAME FROM INFORMATION_SCHEMA.TABLES WHERE TABLE_TYPE = 'BASE TABLE' AND TABLE_NAME = 'la_dict_data' AND TABLE_SCHEMA = 'localhost_likeadmin'
2023-09-04 10:05:23,026 INFO 90057 [egg-sequelize](5ms) Executed (default): SHOW INDEX FROM `la_dict_data` FROM `localhost_likeadmin`
2023-09-04 10:05:23,035 INFO 90057 [egg-sequelize](7ms) Executed (default): SELECT TABLE_NAME FROM INFORMATION_SCHEMA.TABLES WHERE TABLE_TYPE = 'BASE TABLE' AND TABLE_NAME = 'la_dict_type' AND TABLE_SCHEMA = 'localhost_likeadmin'
2023-09-04 10:05:23,043 INFO 90057 [egg-sequelize](6ms) Executed (default): SHOW INDEX FROM `la_dict_type` FROM `localhost_likeadmin`
2023-09-04 10:05:23,053 INFO 90057 [egg-sequelize](4ms) Executed (default): SELECT TABLE_NAME FROM INFORMATION_SCHEMA.TABLES WHERE TABLE_TYPE = 'BASE TABLE' AND TABLE_NAME = 'la_gen_table' AND TABLE_SCHEMA = 'localhost_likeadmin'
2023-09-04 10:05:23,058 INFO 90057 [egg-sequelize](3ms) Executed (default): SHOW INDEX FROM `la_gen_table` FROM `localhost_likeadmin`
2023-09-04 10:05:23,065 INFO 90057 [egg-sequelize](5ms) Executed (default): SELECT TABLE_NAME FROM INFORMATION_SCHEMA.TABLES WHERE TABLE_TYPE = 'BASE TABLE' AND TABLE_NAME = 'la_gen_table_column' AND TABLE_SCHEMA = 'localhost_likeadmin'
2023-09-04 10:05:23,068 INFO 90057 [egg-sequelize](2ms) Executed (default): SHOW INDEX FROM `la_gen_table_column` FROM `localhost_likeadmin`
2023-09-04 10:05:23,073 INFO 90057 [egg-sequelize](3ms) Executed (default): SELECT TABLE_NAME FROM INFORMATION_SCHEMA.TABLES WHERE TABLE_TYPE = 'BASE TABLE' AND TABLE_NAME = 'la_hot_search' AND TABLE_SCHEMA = 'localhost_likeadmin'
2023-09-04 10:05:23,077 INFO 90057 [egg-sequelize](3ms) Executed (default): SHOW INDEX FROM `la_hot_search` FROM `localhost_likeadmin`
2023-09-04 10:05:23,084 INFO 90057 [egg-sequelize](3ms) Executed (default): SELECT TABLE_NAME FROM INFORMATION_SCHEMA.TABLES WHERE TABLE_TYPE = 'BASE TABLE' AND TABLE_NAME = 'la_notice_setting' AND TABLE_SCHEMA = 'localhost_likeadmin'
2023-09-04 10:05:23,090 INFO 90057 [egg-sequelize](5ms) Executed (default): SHOW INDEX FROM `la_notice_setting` FROM `localhost_likeadmin`
2023-09-04 10:05:23,093 INFO 90057 [egg-sequelize](2ms) Executed (default): SELECT TABLE_NAME FROM INFORMATION_SCHEMA.TABLES WHERE TABLE_TYPE = 'BASE TABLE' AND TABLE_NAME = 'la_official_reply' AND TABLE_SCHEMA = 'localhost_likeadmin'
2023-09-04 10:05:23,101 INFO 90057 [egg-sequelize](3ms) Executed (default): SHOW INDEX FROM `la_official_reply` FROM `localhost_likeadmin`
2023-09-04 10:05:23,104 INFO 90057 [egg-sequelize](2ms) Executed (default): SELECT TABLE_NAME FROM INFORMATION_SCHEMA.TABLES WHERE TABLE_TYPE = 'BASE TABLE' AND TABLE_NAME = 'la_system_auth_admin' AND TABLE_SCHEMA = 'localhost_likeadmin'
2023-09-04 10:05:23,109 INFO 90057 [egg-sequelize](4ms) Executed (default): SHOW INDEX FROM `la_system_auth_admin` FROM `localhost_likeadmin`
2023-09-04 10:05:23,114 INFO 90057 [egg-sequelize](4ms) Executed (default): SELECT TABLE_NAME FROM INFORMATION_SCHEMA.TABLES WHERE TABLE_TYPE = 'BASE TABLE' AND TABLE_NAME = 'la_system_auth_dept' AND TABLE_SCHEMA = 'localhost_likeadmin'
2023-09-04 10:05:23,118 INFO 90057 [egg-sequelize](2ms) Executed (default): SHOW INDEX FROM `la_system_auth_dept` FROM `localhost_likeadmin`
2023-09-04 10:05:23,121 INFO 90057 [egg-sequelize](2ms) Executed (default): SELECT TABLE_NAME FROM INFORMATION_SCHEMA.TABLES WHERE TABLE_TYPE = 'BASE TABLE' AND TABLE_NAME = 'la_system_auth_menu' AND TABLE_SCHEMA = 'localhost_likeadmin'
2023-09-04 10:05:23,125 INFO 90057 [egg-sequelize](2ms) Executed (default): SHOW INDEX FROM `la_system_auth_menu` FROM `localhost_likeadmin`
2023-09-04 10:05:23,133 INFO 90057 [egg-sequelize](8ms) Executed (default): SELECT TABLE_NAME FROM INFORMATION_SCHEMA.TABLES WHERE TABLE_TYPE = 'BASE TABLE' AND TABLE_NAME = 'la_system_auth_perm' AND TABLE_SCHEMA = 'localhost_likeadmin'
2023-09-04 10:05:23,144 INFO 90057 [egg-sequelize](4ms) Executed (default): SHOW INDEX FROM `la_system_auth_perm` FROM `localhost_likeadmin`
2023-09-04 10:05:23,148 INFO 90057 [egg-sequelize](2ms) Executed (default): SELECT TABLE_NAME FROM INFORMATION_SCHEMA.TABLES WHERE TABLE_TYPE = 'BASE TABLE' AND TABLE_NAME = 'la_system_auth_post' AND TABLE_SCHEMA = 'localhost_likeadmin'
2023-09-04 10:05:23,153 INFO 90057 [egg-sequelize](3ms) Executed (default): SHOW INDEX FROM `la_system_auth_post` FROM `localhost_likeadmin`
2023-09-04 10:05:23,157 INFO 90057 [egg-sequelize](3ms) Executed (default): SELECT TABLE_NAME FROM INFORMATION_SCHEMA.TABLES WHERE TABLE_TYPE = 'BASE TABLE' AND TABLE_NAME = 'la_system_auth_role' AND TABLE_SCHEMA = 'localhost_likeadmin'
2023-09-04 10:05:23,160 INFO 90057 [egg-sequelize](2ms) Executed (default): SHOW INDEX FROM `la_system_auth_role` FROM `localhost_likeadmin`
2023-09-04 10:05:23,163 INFO 90057 [egg-sequelize](2ms) Executed (default): SELECT TABLE_NAME FROM INFORMATION_SCHEMA.TABLES WHERE TABLE_TYPE = 'BASE TABLE' AND TABLE_NAME = 'la_system_config' AND TABLE_SCHEMA = 'localhost_likeadmin'
2023-09-04 10:05:23,167 INFO 90057 [egg-sequelize](2ms) Executed (default): SHOW INDEX FROM `la_system_config` FROM `localhost_likeadmin`
2023-09-04 10:05:23,171 INFO 90057 [egg-sequelize](2ms) Executed (default): SELECT TABLE_NAME FROM INFORMATION_SCHEMA.TABLES WHERE TABLE_TYPE = 'BASE TABLE' AND TABLE_NAME = 'la_system_log_login' AND TABLE_SCHEMA = 'localhost_likeadmin'
2023-09-04 10:05:23,174 INFO 90057 [egg-sequelize](3ms) Executed (default): SHOW INDEX FROM `la_system_log_login` FROM `localhost_likeadmin`
2023-09-04 10:05:23,177 INFO 90057 [egg-sequelize](2ms) Executed (default): SELECT TABLE_NAME FROM INFORMATION_SCHEMA.TABLES WHERE TABLE_TYPE = 'BASE TABLE' AND TABLE_NAME = 'la_system_log_operate' AND TABLE_SCHEMA = 'localhost_likeadmin'
2023-09-04 10:05:23,181 INFO 90057 [egg-sequelize](3ms) Executed (default): SHOW INDEX FROM `la_system_log_operate` FROM `localhost_likeadmin`
2023-09-04 10:05:23,185 INFO 90057 [egg-sequelize](3ms) Executed (default): SELECT TABLE_NAME FROM INFORMATION_SCHEMA.TABLES WHERE TABLE_TYPE = 'BASE TABLE' AND TABLE_NAME = 'la_system_log_sms' AND TABLE_SCHEMA = 'localhost_likeadmin'
2023-09-04 10:05:23,188 INFO 90057 [egg-sequelize](3ms) Executed (default): SHOW INDEX FROM `la_system_log_sms` FROM `localhost_likeadmin`
2023-09-04 10:05:23,193 INFO 90057 [egg-sequelize](5ms) Executed (default): SELECT TABLE_NAME FROM INFORMATION_SCHEMA.TABLES WHERE TABLE_TYPE = 'BASE TABLE' AND TABLE_NAME = 'la_user' AND TABLE_SCHEMA = 'localhost_likeadmin'
2023-09-04 10:05:23,196 INFO 90057 [egg-sequelize](2ms) Executed (default): SHOW INDEX FROM `la_user` FROM `localhost_likeadmin`
2023-09-04 10:05:23,203 INFO 90057 [egg-sequelize](5ms) Executed (default): SELECT TABLE_NAME FROM INFORMATION_SCHEMA.TABLES WHERE TABLE_TYPE = 'BASE TABLE' AND TABLE_NAME = 'la_user_auth' AND TABLE_SCHEMA = 'localhost_likeadmin'
2023-09-04 10:05:23,207 INFO 90057 [egg-sequelize](2ms) Executed (default): SHOW INDEX FROM `la_user_auth` FROM `localhost_likeadmin`
